<?xml version="1.0" encoding="UTF-8"?>
<!-- Generated by org.testng.reporters.JUnitReportReporter -->
<testsuite hostname="Vaibhav-HP" failures="0" tests="3" name="testNG.Test0" time="0.024" errors="0" timestamp="2024-06-25T23:41:35 IST" skipped="0">
  <testcase classname="testNG.Test0" name="logout" time="0.002"/>
  <system-out/>
  <testcase classname="testNG.Test0" name="openapp" time="0.002"/>
  <system-out/>
  <testcase classname="testNG.Test0" name="login" time="0.020"/>
  <system-out/>
</testsuite> <!-- testNG.Test0 -->
