<?xml version="1.0" encoding="UTF-8"?>
<!-- Generated by org.testng.reporters.JUnitReportReporter -->
<testsuite hostname="Vaibhav-HP" failures="0" tests="1" name="testNG.Grouping" time="0.010" errors="0" timestamp="2024-07-05T17:15:36 IST" skipped="0">
  <testcase classname="testNG.Grouping" name="test1" time="0.010"/>
  <system-out/>
</testsuite> <!-- testNG.Grouping -->
