<?xml version="1.0" encoding="UTF-8"?>
<!-- Generated by org.testng.reporters.JUnitReportReporter -->
<testsuite hostname="Vaibhav-HP" failures="0" tests="4" name="testNG.OrangeHRMTest" time="9.584" errors="0" timestamp="2024-06-26T23:22:33 IST" skipped="0">
  <testcase classname="testNG.OrangeHRMTest" name="openApp" time="6.049"/>
  <system-out/>
  <testcase classname="testNG.OrangeHRMTest" name="testLogo" time="3.071"/>
  <system-out/>
  <testcase classname="testNG.OrangeHRMTest" name="testLogoin" time="0.310"/>
  <system-out/>
  <testcase classname="testNG.OrangeHRMTest" name="testLogout" time="0.154"/>
  <system-out/>
</testsuite> <!-- testNG.OrangeHRMTest -->
