<?xml version="1.0" encoding="UTF-8"?>
<!-- Generated by org.testng.reporters.JUnitReportReporter -->
<testsuite hostname="Vaibhav-HP" failures="0" tests="1" name="pom.TestScript" time="8.856" errors="0" timestamp="2024-06-22T23:04:17 IST" skipped="0">
  <testcase classname="pom.TestScript" name="verify" time="8.856"/>
  <system-out/>
</testsuite> <!-- pom.TestScript -->
