<?xml version="1.0" encoding="UTF-8"?>
<!-- Generated by org.testng.reporters.JUnitReportReporter -->
<testsuite hostname="Vaibhav-HP" failures="0" tests="1" name="testNG.VeifyTitle" time="3.731" errors="0" timestamp="2024-05-25T19:05:28 IST" skipped="0">
  <testcase classname="testNG.VeifyTitle" name="title" time="3.731"/>
  <system-out/>
</testsuite> <!-- testNG.VeifyTitle -->
