<?xml version="1.0" encoding="UTF-8"?>
<!-- Generated by org.testng.reporters.JUnitReportReporter -->
<testsuite hostname="Vaibhav-HP" failures="0" tests="1" name="extentReportingDemo.NewTest" time="0.508" errors="0" timestamp="2024-06-29T20:29:27 IST" skipped="0">
  <testcase classname="extentReportingDemo.NewTest" name="extentTest" time="0.508"/>
  <system-out/>
</testsuite> <!-- extentReportingDemo.NewTest -->
