<?xml version="1.0" encoding="UTF-8"?>
<!-- Generated by org.testng.reporters.JUnitReportReporter -->
<testsuite hostname="Vaibhav-HP" failures="0" tests="1" name="baseClass.Login" time="1.826" errors="0" timestamp="2024-07-06T11:45:17 IST" skipped="0">
  <testcase classname="baseClass.Login" name="login" time="1.826"/>
  <system-out/>
</testsuite> <!-- baseClass.Login -->
