<?xml version="1.0" encoding="UTF-8"?>
<!-- Generated by org.testng.reporters.JUnitReportReporter -->
<testsuite hostname="Vaibhav-HP" failures="0" tests="1" name="testNG.AnnotationDemo" time="0.011" errors="0" timestamp="2024-07-02T22:45:23 IST" skipped="0">
  <testcase classname="testNG.AnnotationDemo" name="tm" time="0.011"/>
  <system-out/>
</testsuite> <!-- testNG.AnnotationDemo -->
