<?xml version="1.0" encoding="UTF-8"?>
<!-- Generated by org.testng.reporters.JUnitReportReporter -->
<testsuite hostname="Vaibhav-HP" failures="0" tests="6" name="testNG.ParallelTesting" time="0.258" errors="0" timestamp="2024-09-07T20:53:11 IST" skipped="0">
  <testcase classname="testNG.ParallelTesting" name="testLogo" time="0.078"/>
  <system-out/>
  <testcase classname="testNG.ParallelTesting" name="testLogo" time="0.087"/>
  <system-out/>
  <testcase classname="testNG.ParallelTesting" name="testTitle" time="0.020"/>
  <system-out/>
  <testcase classname="testNG.ParallelTesting" name="testTitle" time="0.031"/>
  <system-out/>
  <testcase classname="testNG.ParallelTesting" name="testURL" time="0.026"/>
  <system-out/>
  <testcase classname="testNG.ParallelTesting" name="testURL" time="0.016"/>
  <system-out/>
</testsuite> <!-- testNG.ParallelTesting -->
