<?xml version="1.0" encoding="UTF-8"?>
<!-- Generated by org.testng.reporters.JUnitReportReporter -->
<testsuite hostname="Vaibhav-HP" failures="0" tests="2" name="testNG.LoginTest" time="0.013" errors="0" timestamp="2024-05-25T16:55:12 IST" skipped="0">
  <testcase classname="testNG.LoginTest" name="b" time="0.011"/>
  <system-out/>
  <testcase classname="testNG.LoginTest" name="a" time="0.002"/>
  <system-out/>
</testsuite> <!-- testNG.LoginTest -->
