<?xml version="1.0" encoding="UTF-8"?>
<!-- Generated by org.testng.reporters.JUnitReportReporter -->
<testsuite hostname="Vaibhav-HP" failures="0" tests="1" name="pom.PageMain" time="10.211" errors="0" timestamp="2024-06-22T19:42:54 IST" skipped="0">
  <testcase classname="pom.PageMain" name="verify" time="10.211"/>
  <system-out/>
</testsuite> <!-- pom.PageMain -->
