<?xml version="1.0" encoding="UTF-8"?>
<!-- Generated by org.testng.reporters.JUnitReportReporter -->
<testsuite hostname="Vaibhav-HP" failures="0" tests="1" name="testNG.Addition" time="0.012" errors="0" timestamp="2024-06-21T18:04:38 IST" skipped="0">
  <testcase classname="testNG.Addition" name="addition" time="0.012"/>
  <system-out/>
</testsuite> <!-- testNG.Addition -->
