<?xml version="1.0" encoding="UTF-8"?>
<!-- Generated by org.testng.reporters.JUnitReportReporter -->
<testsuite hostname="Vaibhav-HP" failures="0" tests="5" name="testNG.Grouping" time="0.020" errors="0" timestamp="2024-05-21T23:10:57 IST" skipped="0">
  <testcase classname="testNG.Grouping" name="test2" time="0.002"/>
  <system-out/>
  <testcase classname="testNG.Grouping" name="test1" time="0.012"/>
  <system-out/>
  <testcase classname="testNG.Grouping" name="test5" time="0.002"/>
  <system-out/>
  <testcase classname="testNG.Grouping" name="test4" time="0.002"/>
  <system-out/>
  <testcase classname="testNG.Grouping" name="test3" time="0.002"/>
  <system-out/>
</testsuite> <!-- testNG.Grouping -->
